2022-05-10 16:34:54,652 [Worker-5: Loading available Gradle versions] INFO  o.e.b.c.i.u.g.PublishedGradleVersions - Gradle version information cache is up-to-date. Trying to read.
2022-05-10 16:37:05,615 [Worker-0: Creating maven-archetype-quickstart] INFO  o.e.m.c.i.p.ProjectConfigurationManager - Collecting project info '/pom.xml' D:\DuAnQuanLyBanHang\Sourecode\order\pom.xml
2022-05-10 16:37:06,420 [Worker-0: Creating maven-archetype-quickstart] INFO  o.e.m.c.i.l.LifecycleMappingFactory - Using org.eclipse.m2e.jdt.JarLifecycleMapping lifecycle mapping for MavenProject: project.javacore:order:0.0.1-SNAPSHOT @ D:\DuAnQuanLyBanHang\Sourecode\order\pom.xml.
2022-05-10 16:37:06,997 [Worker-0: Creating maven-archetype-quickstart] INFO  o.e.m.j.i.AbstractJavaProjectConfigurator - Adding source folder /order/src/main/java
2022-05-10 16:37:07,006 [Worker-0: Creating maven-archetype-quickstart] INFO  o.e.m.j.i.AbstractJavaProjectConfigurator - Adding source folder /order/src/test/java
2022-05-10 16:37:07,141 [Worker-0: Creating maven-archetype-quickstart] INFO  o.e.m.c.i.p.ProjectConfigurationManager - Imported and configured 1 project(s) in 1 sec
2022-05-10 16:37:08,317 [Worker-0: Building] INFO  o.e.m.c.i.embedder.EclipseLogger - Using 'UTF-8' encoding to copy filtered resources.
2022-05-10 16:37:08,317 [Worker-0: Building] INFO  o.e.m.c.i.embedder.EclipseLogger - skip non existing resourceDirectory D:\DuAnQuanLyBanHang\Sourecode\order\src\main\resources
2022-05-10 16:37:08,322 [Worker-0: Building] INFO  o.e.m.c.i.embedder.EclipseLogger - Using 'UTF-8' encoding to copy filtered resources.
2022-05-10 16:37:08,322 [Worker-0: Building] INFO  o.e.m.c.i.embedder.EclipseLogger - skip non existing resourceDirectory D:\DuAnQuanLyBanHang\Sourecode\order\src\test\resources
2022-05-10 16:38:07,061 [Worker-0: Building] INFO  o.e.m.c.i.embedder.EclipseLogger - Using 'UTF-8' encoding to copy filtered resources.
2022-05-10 16:38:07,061 [Worker-0: Building] INFO  o.e.m.c.i.embedder.EclipseLogger - skip non existing resourceDirectory D:\DuAnQuanLyBanHang\Sourecode\order\src\main\resources
2022-05-10 16:38:07,062 [Worker-0: Building] INFO  o.e.m.c.i.embedder.EclipseLogger - Using 'UTF-8' encoding to copy filtered resources.
2022-05-10 16:38:07,062 [Worker-0: Building] INFO  o.e.m.c.i.embedder.EclipseLogger - skip non existing resourceDirectory D:\DuAnQuanLyBanHang\Sourecode\order\src\test\resources
2022-05-10 16:38:21,632 [Worker-21: Building] INFO  o.e.m.c.i.embedder.EclipseLogger - Using 'UTF-8' encoding to copy filtered resources.
2022-05-10 16:38:21,632 [Worker-21: Building] INFO  o.e.m.c.i.embedder.EclipseLogger - skip non existing resourceDirectory D:\DuAnQuanLyBanHang\Sourecode\order\src\main\resources
2022-05-10 16:38:21,633 [Worker-21: Building] INFO  o.e.m.c.i.embedder.EclipseLogger - Using 'UTF-8' encoding to copy filtered resources.
2022-05-10 16:38:21,633 [Worker-21: Building] INFO  o.e.m.c.i.embedder.EclipseLogger - skip non existing resourceDirectory D:\DuAnQuanLyBanHang\Sourecode\order\src\test\resources
2022-05-10 16:38:32,284 [Worker-2: Building] INFO  o.e.m.c.i.embedder.EclipseLogger - Using 'UTF-8' encoding to copy filtered resources.
2022-05-10 16:38:32,285 [Worker-2: Building] INFO  o.e.m.c.i.embedder.EclipseLogger - skip non existing resourceDirectory D:\DuAnQuanLyBanHang\Sourecode\order\src\main\resources
2022-05-10 16:38:32,286 [Worker-2: Building] INFO  o.e.m.c.i.embedder.EclipseLogger - Using 'UTF-8' encoding to copy filtered resources.
2022-05-10 16:38:32,287 [Worker-2: Building] INFO  o.e.m.c.i.embedder.EclipseLogger - skip non existing resourceDirectory D:\DuAnQuanLyBanHang\Sourecode\order\src\test\resources
2022-05-10 16:38:33,305 [Worker-0: Building] INFO  o.e.m.c.i.embedder.EclipseLogger - Using 'UTF-8' encoding to copy filtered resources.
2022-05-10 16:38:33,305 [Worker-0: Building] INFO  o.e.m.c.i.embedder.EclipseLogger - skip non existing resourceDirectory D:\DuAnQuanLyBanHang\Sourecode\order\src\main\resources
2022-05-10 16:38:33,306 [Worker-0: Building] INFO  o.e.m.c.i.embedder.EclipseLogger - Using 'UTF-8' encoding to copy filtered resources.
2022-05-10 16:38:33,307 [Worker-0: Building] INFO  o.e.m.c.i.embedder.EclipseLogger - skip non existing resourceDirectory D:\DuAnQuanLyBanHang\Sourecode\order\src\test\resources
2022-05-10 16:40:04,097 [Worker-22: Building] INFO  o.e.m.c.i.embedder.EclipseLogger - Using 'UTF-8' encoding to copy filtered resources.
2022-05-10 16:40:04,097 [Worker-22: Building] INFO  o.e.m.c.i.embedder.EclipseLogger - skip non existing resourceDirectory D:\DuAnQuanLyBanHang\Sourecode\order\src\main\resources
2022-05-10 16:40:04,101 [Worker-22: Building] INFO  o.e.m.c.i.embedder.EclipseLogger - Using 'UTF-8' encoding to copy filtered resources.
2022-05-10 16:40:04,101 [Worker-22: Building] INFO  o.e.m.c.i.embedder.EclipseLogger - skip non existing resourceDirectory D:\DuAnQuanLyBanHang\Sourecode\order\src\test\resources
2022-05-10 16:40:34,411 [Worker-0: Building] INFO  o.e.m.c.i.embedder.EclipseLogger - Using 'UTF-8' encoding to copy filtered resources.
2022-05-10 16:40:34,411 [Worker-0: Building] INFO  o.e.m.c.i.embedder.EclipseLogger - skip non existing resourceDirectory D:\DuAnQuanLyBanHang\Sourecode\order\src\main\resources
2022-05-10 16:40:34,412 [Worker-0: Building] INFO  o.e.m.c.i.embedder.EclipseLogger - Using 'UTF-8' encoding to copy filtered resources.
2022-05-10 16:40:34,412 [Worker-0: Building] INFO  o.e.m.c.i.embedder.EclipseLogger - skip non existing resourceDirectory D:\DuAnQuanLyBanHang\Sourecode\order\src\test\resources
2022-05-10 16:40:41,197 [Worker-20: Building] INFO  o.e.m.c.i.embedder.EclipseLogger - Using 'UTF-8' encoding to copy filtered resources.
2022-05-10 16:40:41,198 [Worker-20: Building] INFO  o.e.m.c.i.embedder.EclipseLogger - skip non existing resourceDirectory D:\DuAnQuanLyBanHang\Sourecode\order\src\main\resources
2022-05-10 16:40:41,200 [Worker-20: Building] INFO  o.e.m.c.i.embedder.EclipseLogger - Using 'UTF-8' encoding to copy filtered resources.
2022-05-10 16:40:41,200 [Worker-20: Building] INFO  o.e.m.c.i.embedder.EclipseLogger - skip non existing resourceDirectory D:\DuAnQuanLyBanHang\Sourecode\order\src\test\resources
2022-05-10 16:42:31,589 [Worker-2: Building] INFO  o.e.m.c.i.embedder.EclipseLogger - Using 'UTF-8' encoding to copy filtered resources.
2022-05-10 16:42:31,590 [Worker-2: Building] INFO  o.e.m.c.i.embedder.EclipseLogger - skip non existing resourceDirectory D:\DuAnQuanLyBanHang\Sourecode\order\src\main\resources
2022-05-10 16:42:31,591 [Worker-2: Building] INFO  o.e.m.c.i.embedder.EclipseLogger - Using 'UTF-8' encoding to copy filtered resources.
2022-05-10 16:42:31,591 [Worker-2: Building] INFO  o.e.m.c.i.embedder.EclipseLogger - skip non existing resourceDirectory D:\DuAnQuanLyBanHang\Sourecode\order\src\test\resources
2022-05-10 16:55:10,473 [Worker-0: Launching App] INFO  o.e.m.c.i.embedder.EclipseLogger - Using 'UTF-8' encoding to copy filtered resources.
2022-05-10 16:55:10,473 [Worker-0: Launching App] INFO  o.e.m.c.i.embedder.EclipseLogger - skip non existing resourceDirectory D:\DuAnQuanLyBanHang\Sourecode\order\src\main\resources
2022-05-10 16:55:10,474 [Worker-0: Launching App] INFO  o.e.m.c.i.embedder.EclipseLogger - Using 'UTF-8' encoding to copy filtered resources.
2022-05-10 16:55:10,474 [Worker-0: Launching App] INFO  o.e.m.c.i.embedder.EclipseLogger - skip non existing resourceDirectory D:\DuAnQuanLyBanHang\Sourecode\order\src\test\resources
2022-05-10 16:56:17,381 [Worker-20: Launching App] INFO  o.e.m.c.i.embedder.EclipseLogger - Using 'UTF-8' encoding to copy filtered resources.
2022-05-10 16:56:17,381 [Worker-20: Launching App] INFO  o.e.m.c.i.embedder.EclipseLogger - skip non existing resourceDirectory D:\DuAnQuanLyBanHang\Sourecode\order\src\main\resources
2022-05-10 16:56:17,383 [Worker-20: Launching App] INFO  o.e.m.c.i.embedder.EclipseLogger - Using 'UTF-8' encoding to copy filtered resources.
2022-05-10 16:56:17,383 [Worker-20: Launching App] INFO  o.e.m.c.i.embedder.EclipseLogger - skip non existing resourceDirectory D:\DuAnQuanLyBanHang\Sourecode\order\src\test\resources
2022-05-10 16:56:36,731 [Worker-0: Launching App] INFO  o.e.m.c.i.embedder.EclipseLogger - Using 'UTF-8' encoding to copy filtered resources.
2022-05-10 16:56:36,731 [Worker-0: Launching App] INFO  o.e.m.c.i.embedder.EclipseLogger - skip non existing resourceDirectory D:\DuAnQuanLyBanHang\Sourecode\order\src\main\resources
2022-05-10 16:56:36,732 [Worker-0: Launching App] INFO  o.e.m.c.i.embedder.EclipseLogger - Using 'UTF-8' encoding to copy filtered resources.
2022-05-10 16:56:36,732 [Worker-0: Launching App] INFO  o.e.m.c.i.embedder.EclipseLogger - skip non existing resourceDirectory D:\DuAnQuanLyBanHang\Sourecode\order\src\test\resources
2022-05-10 17:07:54,926 [Worker-0: Building] INFO  o.e.m.c.i.embedder.EclipseLogger - Using 'UTF-8' encoding to copy filtered resources.
2022-05-10 17:07:54,927 [Worker-0: Building] INFO  o.e.m.c.i.embedder.EclipseLogger - skip non existing resourceDirectory D:\DuAnQuanLyBanHang\Sourecode\order\src\main\resources
2022-05-10 17:07:54,928 [Worker-0: Building] INFO  o.e.m.c.i.embedder.EclipseLogger - Using 'UTF-8' encoding to copy filtered resources.
2022-05-10 17:07:54,928 [Worker-0: Building] INFO  o.e.m.c.i.embedder.EclipseLogger - skip non existing resourceDirectory D:\DuAnQuanLyBanHang\Sourecode\order\src\test\resources
2022-05-10 17:19:02,372 [Worker-11: Launching App] INFO  o.e.m.c.i.embedder.EclipseLogger - Using 'UTF-8' encoding to copy filtered resources.
2022-05-10 17:19:02,372 [Worker-11: Launching App] INFO  o.e.m.c.i.embedder.EclipseLogger - skip non existing resourceDirectory D:\DuAnQuanLyBanHang\Sourecode\order\src\main\resources
2022-05-10 17:19:02,374 [Worker-11: Launching App] INFO  o.e.m.c.i.embedder.EclipseLogger - Using 'UTF-8' encoding to copy filtered resources.
2022-05-10 17:19:02,374 [Worker-11: Launching App] INFO  o.e.m.c.i.embedder.EclipseLogger - skip non existing resourceDirectory D:\DuAnQuanLyBanHang\Sourecode\order\src\test\resources
2022-05-10 17:21:25,222 [Worker-27: Launching App] INFO  o.e.m.c.i.embedder.EclipseLogger - Using 'UTF-8' encoding to copy filtered resources.
2022-05-10 17:21:25,223 [Worker-27: Launching App] INFO  o.e.m.c.i.embedder.EclipseLogger - skip non existing resourceDirectory D:\DuAnQuanLyBanHang\Sourecode\order\src\main\resources
2022-05-10 17:21:25,224 [Worker-27: Launching App] INFO  o.e.m.c.i.embedder.EclipseLogger - Using 'UTF-8' encoding to copy filtered resources.
2022-05-10 17:21:25,225 [Worker-27: Launching App] INFO  o.e.m.c.i.embedder.EclipseLogger - skip non existing resourceDirectory D:\DuAnQuanLyBanHang\Sourecode\order\src\test\resources
2022-05-10 17:40:50,938 [Worker-35: Launching App] INFO  o.e.m.c.i.embedder.EclipseLogger - Using 'UTF-8' encoding to copy filtered resources.
2022-05-10 17:40:50,938 [Worker-35: Launching App] INFO  o.e.m.c.i.embedder.EclipseLogger - skip non existing resourceDirectory D:\DuAnQuanLyBanHang\Sourecode\order\src\main\resources
2022-05-10 17:40:50,941 [Worker-35: Launching App] INFO  o.e.m.c.i.embedder.EclipseLogger - Using 'UTF-8' encoding to copy filtered resources.
2022-05-10 17:40:50,941 [Worker-35: Launching App] INFO  o.e.m.c.i.embedder.EclipseLogger - skip non existing resourceDirectory D:\DuAnQuanLyBanHang\Sourecode\order\src\test\resources
2022-05-19 01:41:35,387 [Worker-1397: Building] INFO  o.e.m.c.i.embedder.EclipseLogger - Using 'UTF-8' encoding to copy filtered resources.
2022-05-19 01:41:35,399 [Worker-1397: Building] INFO  o.e.m.c.i.embedder.EclipseLogger - skip non existing resourceDirectory D:\DuAnQuanLyBanHang\Sourecode\order\src\main\resources
2022-05-19 01:41:35,407 [Worker-1397: Building] INFO  o.e.m.c.i.embedder.EclipseLogger - Using 'UTF-8' encoding to copy filtered resources.
2022-05-19 01:41:35,407 [Worker-1397: Building] INFO  o.e.m.c.i.embedder.EclipseLogger - skip non existing resourceDirectory D:\DuAnQuanLyBanHang\Sourecode\order\src\test\resources
2022-05-19 01:41:37,218 [Worker-1402: Building] INFO  o.e.m.c.i.embedder.EclipseLogger - Using 'UTF-8' encoding to copy filtered resources.
2022-05-19 01:41:37,219 [Worker-1402: Building] INFO  o.e.m.c.i.embedder.EclipseLogger - skip non existing resourceDirectory D:\DuAnQuanLyBanHang\Sourecode\order\src\main\resources
2022-05-19 01:41:37,224 [Worker-1402: Building] INFO  o.e.m.c.i.embedder.EclipseLogger - Using 'UTF-8' encoding to copy filtered resources.
2022-05-19 01:41:37,225 [Worker-1402: Building] INFO  o.e.m.c.i.embedder.EclipseLogger - skip non existing resourceDirectory D:\DuAnQuanLyBanHang\Sourecode\order\src\test\resources
2022-05-24 16:53:17,049 [Worker-5: Loading available Gradle versions] INFO  o.e.b.c.i.u.g.PublishedGradleVersions - Gradle version information cache is out-of-date. Trying to update.
2022-05-24 17:11:28,387 [Worker-22: Launching App] INFO  o.e.m.c.i.embedder.EclipseLogger - Using 'UTF-8' encoding to copy filtered resources.
2022-05-24 17:11:28,389 [Worker-22: Launching App] INFO  o.e.m.c.i.embedder.EclipseLogger - skip non existing resourceDirectory D:\DuAnQuanLyBanHang\Sourecode\order\src\main\resources
2022-05-24 17:11:28,392 [Worker-22: Launching App] INFO  o.e.m.c.i.embedder.EclipseLogger - Using 'UTF-8' encoding to copy filtered resources.
2022-05-24 17:11:28,392 [Worker-22: Launching App] INFO  o.e.m.c.i.embedder.EclipseLogger - skip non existing resourceDirectory D:\DuAnQuanLyBanHang\Sourecode\order\src\test\resources
2022-05-24 17:13:12,830 [Worker-23: Launching App] INFO  o.e.m.c.i.embedder.EclipseLogger - Using 'UTF-8' encoding to copy filtered resources.
2022-05-24 17:13:12,830 [Worker-23: Launching App] INFO  o.e.m.c.i.embedder.EclipseLogger - skip non existing resourceDirectory D:\DuAnQuanLyBanHang\Sourecode\order\src\main\resources
2022-05-24 17:13:12,832 [Worker-23: Launching App] INFO  o.e.m.c.i.embedder.EclipseLogger - Using 'UTF-8' encoding to copy filtered resources.
2022-05-24 17:13:12,833 [Worker-23: Launching App] INFO  o.e.m.c.i.embedder.EclipseLogger - skip non existing resourceDirectory D:\DuAnQuanLyBanHang\Sourecode\order\src\test\resources
2022-05-24 17:14:08,915 [Worker-22: Launching App] INFO  o.e.m.c.i.embedder.EclipseLogger - Using 'UTF-8' encoding to copy filtered resources.
2022-05-24 17:14:08,915 [Worker-22: Launching App] INFO  o.e.m.c.i.embedder.EclipseLogger - skip non existing resourceDirectory D:\DuAnQuanLyBanHang\Sourecode\order\src\main\resources
2022-05-24 17:14:08,918 [Worker-22: Launching App] INFO  o.e.m.c.i.embedder.EclipseLogger - Using 'UTF-8' encoding to copy filtered resources.
2022-05-24 17:14:08,918 [Worker-22: Launching App] INFO  o.e.m.c.i.embedder.EclipseLogger - skip non existing resourceDirectory D:\DuAnQuanLyBanHang\Sourecode\order\src\test\resources
2022-05-24 17:14:43,673 [Worker-27: Launching App] INFO  o.e.m.c.i.embedder.EclipseLogger - Using 'UTF-8' encoding to copy filtered resources.
2022-05-24 17:14:43,674 [Worker-27: Launching App] INFO  o.e.m.c.i.embedder.EclipseLogger - skip non existing resourceDirectory D:\DuAnQuanLyBanHang\Sourecode\order\src\main\resources
2022-05-24 17:14:43,675 [Worker-27: Launching App] INFO  o.e.m.c.i.embedder.EclipseLogger - Using 'UTF-8' encoding to copy filtered resources.
2022-05-24 17:14:43,675 [Worker-27: Launching App] INFO  o.e.m.c.i.embedder.EclipseLogger - skip non existing resourceDirectory D:\DuAnQuanLyBanHang\Sourecode\order\src\test\resources
2022-05-24 17:15:16,544 [Worker-27: Launching App] INFO  o.e.m.c.i.embedder.EclipseLogger - Using 'UTF-8' encoding to copy filtered resources.
2022-05-24 17:15:16,544 [Worker-27: Launching App] INFO  o.e.m.c.i.embedder.EclipseLogger - skip non existing resourceDirectory D:\DuAnQuanLyBanHang\Sourecode\order\src\main\resources
2022-05-24 17:15:16,548 [Worker-27: Launching App] INFO  o.e.m.c.i.embedder.EclipseLogger - Using 'UTF-8' encoding to copy filtered resources.
2022-05-24 17:15:16,548 [Worker-27: Launching App] INFO  o.e.m.c.i.embedder.EclipseLogger - skip non existing resourceDirectory D:\DuAnQuanLyBanHang\Sourecode\order\src\test\resources
2022-05-24 17:15:30,444 [Worker-28: Launching App] INFO  o.e.m.c.i.embedder.EclipseLogger - Using 'UTF-8' encoding to copy filtered resources.
2022-05-24 17:15:30,445 [Worker-28: Launching App] INFO  o.e.m.c.i.embedder.EclipseLogger - skip non existing resourceDirectory D:\DuAnQuanLyBanHang\Sourecode\order\src\main\resources
2022-05-24 17:15:30,449 [Worker-28: Launching App] INFO  o.e.m.c.i.embedder.EclipseLogger - Using 'UTF-8' encoding to copy filtered resources.
2022-05-24 17:15:30,450 [Worker-28: Launching App] INFO  o.e.m.c.i.embedder.EclipseLogger - skip non existing resourceDirectory D:\DuAnQuanLyBanHang\Sourecode\order\src\test\resources
2022-05-24 17:16:36,279 [Worker-28: Launching App] INFO  o.e.m.c.i.embedder.EclipseLogger - Using 'UTF-8' encoding to copy filtered resources.
2022-05-24 17:16:36,280 [Worker-28: Launching App] INFO  o.e.m.c.i.embedder.EclipseLogger - skip non existing resourceDirectory D:\DuAnQuanLyBanHang\Sourecode\order\src\main\resources
2022-05-24 17:16:36,282 [Worker-28: Launching App] INFO  o.e.m.c.i.embedder.EclipseLogger - Using 'UTF-8' encoding to copy filtered resources.
2022-05-24 17:16:36,282 [Worker-28: Launching App] INFO  o.e.m.c.i.embedder.EclipseLogger - skip non existing resourceDirectory D:\DuAnQuanLyBanHang\Sourecode\order\src\test\resources
2022-05-24 17:17:07,988 [Worker-26: Launching App] INFO  o.e.m.c.i.embedder.EclipseLogger - Using 'UTF-8' encoding to copy filtered resources.
2022-05-24 17:17:07,989 [Worker-26: Launching App] INFO  o.e.m.c.i.embedder.EclipseLogger - skip non existing resourceDirectory D:\DuAnQuanLyBanHang\Sourecode\order\src\main\resources
2022-05-24 17:17:07,993 [Worker-26: Launching App] INFO  o.e.m.c.i.embedder.EclipseLogger - Using 'UTF-8' encoding to copy filtered resources.
2022-05-24 17:17:07,993 [Worker-26: Launching App] INFO  o.e.m.c.i.embedder.EclipseLogger - skip non existing resourceDirectory D:\DuAnQuanLyBanHang\Sourecode\order\src\test\resources
2022-05-24 17:33:26,295 [Worker-30: Launching App] INFO  o.e.m.c.i.embedder.EclipseLogger - Using 'UTF-8' encoding to copy filtered resources.
2022-05-24 17:33:26,295 [Worker-30: Launching App] INFO  o.e.m.c.i.embedder.EclipseLogger - skip non existing resourceDirectory D:\DuAnQuanLyBanHang\Sourecode\order\src\main\resources
2022-05-24 17:33:26,298 [Worker-30: Launching App] INFO  o.e.m.c.i.embedder.EclipseLogger - Using 'UTF-8' encoding to copy filtered resources.
2022-05-24 17:33:26,300 [Worker-30: Launching App] INFO  o.e.m.c.i.embedder.EclipseLogger - skip non existing resourceDirectory D:\DuAnQuanLyBanHang\Sourecode\order\src\test\resources
2022-05-24 17:34:09,686 [Worker-29: Launching App] INFO  o.e.m.c.i.embedder.EclipseLogger - Using 'UTF-8' encoding to copy filtered resources.
2022-05-24 17:34:09,686 [Worker-29: Launching App] INFO  o.e.m.c.i.embedder.EclipseLogger - skip non existing resourceDirectory D:\DuAnQuanLyBanHang\Sourecode\order\src\main\resources
2022-05-24 17:34:09,688 [Worker-29: Launching App] INFO  o.e.m.c.i.embedder.EclipseLogger - Using 'UTF-8' encoding to copy filtered resources.
2022-05-24 17:34:09,688 [Worker-29: Launching App] INFO  o.e.m.c.i.embedder.EclipseLogger - skip non existing resourceDirectory D:\DuAnQuanLyBanHang\Sourecode\order\src\test\resources
2022-05-24 17:37:05,058 [Worker-33: Launching App] INFO  o.e.m.c.i.embedder.EclipseLogger - Using 'UTF-8' encoding to copy filtered resources.
2022-05-24 17:37:05,059 [Worker-33: Launching App] INFO  o.e.m.c.i.embedder.EclipseLogger - skip non existing resourceDirectory D:\DuAnQuanLyBanHang\Sourecode\order\src\main\resources
2022-05-24 17:37:05,061 [Worker-33: Launching App] INFO  o.e.m.c.i.embedder.EclipseLogger - Using 'UTF-8' encoding to copy filtered resources.
2022-05-24 17:37:05,062 [Worker-33: Launching App] INFO  o.e.m.c.i.embedder.EclipseLogger - skip non existing resourceDirectory D:\DuAnQuanLyBanHang\Sourecode\order\src\test\resources
2022-05-24 17:37:37,147 [Worker-35: Launching App] INFO  o.e.m.c.i.embedder.EclipseLogger - Using 'UTF-8' encoding to copy filtered resources.
2022-05-24 17:37:37,147 [Worker-35: Launching App] INFO  o.e.m.c.i.embedder.EclipseLogger - skip non existing resourceDirectory D:\DuAnQuanLyBanHang\Sourecode\order\src\main\resources
2022-05-24 17:37:37,148 [Worker-35: Launching App] INFO  o.e.m.c.i.embedder.EclipseLogger - Using 'UTF-8' encoding to copy filtered resources.
2022-05-24 17:37:37,148 [Worker-35: Launching App] INFO  o.e.m.c.i.embedder.EclipseLogger - skip non existing resourceDirectory D:\DuAnQuanLyBanHang\Sourecode\order\src\test\resources
2022-05-24 17:38:37,420 [Worker-30: Launching App] INFO  o.e.m.c.i.embedder.EclipseLogger - Using 'UTF-8' encoding to copy filtered resources.
2022-05-24 17:38:37,420 [Worker-30: Launching App] INFO  o.e.m.c.i.embedder.EclipseLogger - skip non existing resourceDirectory D:\DuAnQuanLyBanHang\Sourecode\order\src\main\resources
2022-05-24 17:38:37,423 [Worker-30: Launching App] INFO  o.e.m.c.i.embedder.EclipseLogger - Using 'UTF-8' encoding to copy filtered resources.
2022-05-24 17:38:37,423 [Worker-30: Launching App] INFO  o.e.m.c.i.embedder.EclipseLogger - skip non existing resourceDirectory D:\DuAnQuanLyBanHang\Sourecode\order\src\test\resources
2022-05-30 00:32:09,920 [Worker-1108: Building] INFO  o.e.m.c.i.embedder.EclipseLogger - Using 'UTF-8' encoding to copy filtered resources.
2022-05-30 00:32:09,933 [Worker-1108: Building] INFO  o.e.m.c.i.embedder.EclipseLogger - skip non existing resourceDirectory D:\DuAnQuanLyBanHang\Sourecode\order\src\main\resources
2022-05-30 00:32:09,945 [Worker-1108: Building] INFO  o.e.m.c.i.embedder.EclipseLogger - Using 'UTF-8' encoding to copy filtered resources.
2022-05-30 00:32:09,946 [Worker-1108: Building] INFO  o.e.m.c.i.embedder.EclipseLogger - skip non existing resourceDirectory D:\DuAnQuanLyBanHang\Sourecode\order\src\test\resources
2022-06-15 21:57:43,461 [Worker-1: Loading available Gradle versions] INFO  o.e.b.c.i.u.g.PublishedGradleVersions - Gradle version information cache is out-of-date. Trying to update.
2022-06-26 15:26:25,160 [Worker-4: Loading available Gradle versions] INFO  o.e.b.c.i.u.g.PublishedGradleVersions - Gradle version information cache is out-of-date. Trying to update.
2022-06-26 15:58:05,069 [Worker-25: Launching App] INFO  o.e.m.c.i.embedder.EclipseLogger - Using 'UTF-8' encoding to copy filtered resources.
2022-06-26 15:58:05,071 [Worker-25: Launching App] INFO  o.e.m.c.i.embedder.EclipseLogger - skip non existing resourceDirectory D:\DuAnQuanLyBanHang\Sourecode\order\src\main\resources
2022-06-26 15:58:05,073 [Worker-25: Launching App] INFO  o.e.m.c.i.embedder.EclipseLogger - Using 'UTF-8' encoding to copy filtered resources.
2022-06-26 15:58:05,074 [Worker-25: Launching App] INFO  o.e.m.c.i.embedder.EclipseLogger - skip non existing resourceDirectory D:\DuAnQuanLyBanHang\Sourecode\order\src\test\resources
2022-06-26 15:58:29,253 [Worker-5: Launching App] INFO  o.e.m.c.i.embedder.EclipseLogger - Using 'UTF-8' encoding to copy filtered resources.
2022-06-26 15:58:29,254 [Worker-5: Launching App] INFO  o.e.m.c.i.embedder.EclipseLogger - skip non existing resourceDirectory D:\DuAnQuanLyBanHang\Sourecode\order\src\main\resources
2022-06-26 15:58:29,260 [Worker-5: Launching App] INFO  o.e.m.c.i.embedder.EclipseLogger - Using 'UTF-8' encoding to copy filtered resources.
2022-06-26 15:58:29,261 [Worker-5: Launching App] INFO  o.e.m.c.i.embedder.EclipseLogger - skip non existing resourceDirectory D:\DuAnQuanLyBanHang\Sourecode\order\src\test\resources
2022-06-26 16:03:22,817 [Worker-24: Building] INFO  o.e.m.c.i.embedder.EclipseLogger - Using 'UTF-8' encoding to copy filtered resources.
2022-06-26 16:03:22,818 [Worker-24: Building] INFO  o.e.m.c.i.embedder.EclipseLogger - skip non existing resourceDirectory D:\DuAnQuanLyBanHang\Sourecode\order\src\main\resources
2022-06-26 16:03:22,819 [Worker-24: Building] INFO  o.e.m.c.i.embedder.EclipseLogger - Using 'UTF-8' encoding to copy filtered resources.
2022-06-26 16:03:22,819 [Worker-24: Building] INFO  o.e.m.c.i.embedder.EclipseLogger - skip non existing resourceDirectory D:\DuAnQuanLyBanHang\Sourecode\order\src\test\resources
2022-06-26 16:31:03,255 [Worker-24: Building] INFO  o.e.m.c.i.embedder.EclipseLogger - Using 'UTF-8' encoding to copy filtered resources.
2022-06-26 16:31:03,256 [Worker-24: Building] INFO  o.e.m.c.i.embedder.EclipseLogger - skip non existing resourceDirectory D:\DuAnQuanLyBanHang\Sourecode\order\src\main\resources
2022-06-26 16:31:03,258 [Worker-24: Building] INFO  o.e.m.c.i.embedder.EclipseLogger - Using 'UTF-8' encoding to copy filtered resources.
2022-06-26 16:31:03,258 [Worker-24: Building] INFO  o.e.m.c.i.embedder.EclipseLogger - skip non existing resourceDirectory D:\DuAnQuanLyBanHang\Sourecode\order\src\test\resources
2022-06-26 17:30:57,444 [Worker-58: Building] INFO  o.e.m.c.i.embedder.EclipseLogger - Using 'UTF-8' encoding to copy filtered resources.
2022-06-26 17:30:57,445 [Worker-58: Building] INFO  o.e.m.c.i.embedder.EclipseLogger - skip non existing resourceDirectory D:\DuAnQuanLyBanHang\Sourecode\order\src\main\resources
2022-06-26 17:30:57,446 [Worker-58: Building] INFO  o.e.m.c.i.embedder.EclipseLogger - Using 'UTF-8' encoding to copy filtered resources.
2022-06-26 17:30:57,446 [Worker-58: Building] INFO  o.e.m.c.i.embedder.EclipseLogger - skip non existing resourceDirectory D:\DuAnQuanLyBanHang\Sourecode\order\src\test\resources
2022-06-26 17:31:06,950 [Worker-55: Building] INFO  o.e.m.c.i.embedder.EclipseLogger - Using 'UTF-8' encoding to copy filtered resources.
2022-06-26 17:31:06,950 [Worker-55: Building] INFO  o.e.m.c.i.embedder.EclipseLogger - skip non existing resourceDirectory D:\DuAnQuanLyBanHang\Sourecode\order\src\main\resources
2022-06-26 17:31:06,951 [Worker-55: Building] INFO  o.e.m.c.i.embedder.EclipseLogger - Using 'UTF-8' encoding to copy filtered resources.
2022-06-26 17:31:06,951 [Worker-55: Building] INFO  o.e.m.c.i.embedder.EclipseLogger - skip non existing resourceDirectory D:\DuAnQuanLyBanHang\Sourecode\order\src\test\resources
2022-06-26 17:35:09,466 [Worker-59: Building] INFO  o.e.m.c.i.embedder.EclipseLogger - Using 'UTF-8' encoding to copy filtered resources.
2022-06-26 17:35:09,466 [Worker-59: Building] INFO  o.e.m.c.i.embedder.EclipseLogger - skip non existing resourceDirectory D:\DuAnQuanLyBanHang\Sourecode\order\src\main\resources
2022-06-26 17:35:09,467 [Worker-59: Building] INFO  o.e.m.c.i.embedder.EclipseLogger - Using 'UTF-8' encoding to copy filtered resources.
2022-06-26 17:35:09,468 [Worker-59: Building] INFO  o.e.m.c.i.embedder.EclipseLogger - skip non existing resourceDirectory D:\DuAnQuanLyBanHang\Sourecode\order\src\test\resources
2022-06-29 00:12:31,646 [Worker-451: Launching App] INFO  o.e.m.c.i.embedder.EclipseLogger - Using 'UTF-8' encoding to copy filtered resources.
2022-06-29 00:12:31,652 [Worker-451: Launching App] INFO  o.e.m.c.i.embedder.EclipseLogger - skip non existing resourceDirectory D:\DuAnQuanLyBanHang\Sourecode\order\src\main\resources
2022-06-29 00:12:31,655 [Worker-451: Launching App] INFO  o.e.m.c.i.embedder.EclipseLogger - Using 'UTF-8' encoding to copy filtered resources.
2022-06-29 00:12:31,655 [Worker-451: Launching App] INFO  o.e.m.c.i.embedder.EclipseLogger - skip non existing resourceDirectory D:\DuAnQuanLyBanHang\Sourecode\order\src\test\resources
2022-06-29 00:13:37,766 [Worker-452: Launching App] INFO  o.e.m.c.i.embedder.EclipseLogger - Using 'UTF-8' encoding to copy filtered resources.
2022-06-29 00:13:37,767 [Worker-452: Launching App] INFO  o.e.m.c.i.embedder.EclipseLogger - skip non existing resourceDirectory D:\DuAnQuanLyBanHang\Sourecode\order\src\main\resources
2022-06-29 00:13:37,772 [Worker-452: Launching App] INFO  o.e.m.c.i.embedder.EclipseLogger - Using 'UTF-8' encoding to copy filtered resources.
2022-06-29 00:13:37,773 [Worker-452: Launching App] INFO  o.e.m.c.i.embedder.EclipseLogger - skip non existing resourceDirectory D:\DuAnQuanLyBanHang\Sourecode\order\src\test\resources
2022-07-04 23:19:31,674 [Worker-1: Loading available Gradle versions] INFO  o.e.b.c.i.u.g.PublishedGradleVersions - Gradle version information cache is out-of-date. Trying to update.
2022-07-05 10:08:22,633 [Worker-55: Launching App] INFO  o.e.m.c.i.embedder.EclipseLogger - Using 'UTF-8' encoding to copy filtered resources.
2022-07-05 10:08:22,674 [Worker-55: Launching App] INFO  o.e.m.c.i.embedder.EclipseLogger - skip non existing resourceDirectory D:\DuAnQuanLyBanHang\Sourecode\order\src\main\resources
2022-07-05 10:08:22,677 [Worker-55: Launching App] INFO  o.e.m.c.i.embedder.EclipseLogger - Using 'UTF-8' encoding to copy filtered resources.
2022-07-05 10:08:22,677 [Worker-55: Launching App] INFO  o.e.m.c.i.embedder.EclipseLogger - skip non existing resourceDirectory D:\DuAnQuanLyBanHang\Sourecode\order\src\test\resources
2022-07-05 10:08:52,408 [Worker-58: Launching App] INFO  o.e.m.c.i.embedder.EclipseLogger - Using 'UTF-8' encoding to copy filtered resources.
2022-07-05 10:08:52,408 [Worker-58: Launching App] INFO  o.e.m.c.i.embedder.EclipseLogger - skip non existing resourceDirectory D:\DuAnQuanLyBanHang\Sourecode\order\src\main\resources
2022-07-05 10:08:52,409 [Worker-58: Launching App] INFO  o.e.m.c.i.embedder.EclipseLogger - Using 'UTF-8' encoding to copy filtered resources.
2022-07-05 10:08:52,411 [Worker-58: Launching App] INFO  o.e.m.c.i.embedder.EclipseLogger - skip non existing resourceDirectory D:\DuAnQuanLyBanHang\Sourecode\order\src\test\resources
2022-07-05 10:12:13,962 [Worker-61: Launching App] INFO  o.e.m.c.i.embedder.EclipseLogger - Using 'UTF-8' encoding to copy filtered resources.
2022-07-05 10:12:13,963 [Worker-61: Launching App] INFO  o.e.m.c.i.embedder.EclipseLogger - skip non existing resourceDirectory D:\DuAnQuanLyBanHang\Sourecode\order\src\main\resources
2022-07-05 10:12:13,965 [Worker-61: Launching App] INFO  o.e.m.c.i.embedder.EclipseLogger - Using 'UTF-8' encoding to copy filtered resources.
2022-07-05 10:12:13,965 [Worker-61: Launching App] INFO  o.e.m.c.i.embedder.EclipseLogger - skip non existing resourceDirectory D:\DuAnQuanLyBanHang\Sourecode\order\src\test\resources
2022-07-05 10:17:14,230 [Worker-57: Launching App] INFO  o.e.m.c.i.embedder.EclipseLogger - Using 'UTF-8' encoding to copy filtered resources.
2022-07-05 10:17:14,231 [Worker-57: Launching App] INFO  o.e.m.c.i.embedder.EclipseLogger - skip non existing resourceDirectory D:\DuAnQuanLyBanHang\Sourecode\order\src\main\resources
2022-07-05 10:17:14,232 [Worker-57: Launching App] INFO  o.e.m.c.i.embedder.EclipseLogger - Using 'UTF-8' encoding to copy filtered resources.
2022-07-05 10:17:14,232 [Worker-57: Launching App] INFO  o.e.m.c.i.embedder.EclipseLogger - skip non existing resourceDirectory D:\DuAnQuanLyBanHang\Sourecode\order\src\test\resources
2022-07-05 10:22:01,520 [Worker-65: Launching App] INFO  o.e.m.c.i.embedder.EclipseLogger - Using 'UTF-8' encoding to copy filtered resources.
2022-07-05 10:22:01,521 [Worker-65: Launching App] INFO  o.e.m.c.i.embedder.EclipseLogger - skip non existing resourceDirectory D:\DuAnQuanLyBanHang\Sourecode\order\src\main\resources
2022-07-05 10:22:01,524 [Worker-65: Launching App] INFO  o.e.m.c.i.embedder.EclipseLogger - Using 'UTF-8' encoding to copy filtered resources.
2022-07-05 10:22:01,524 [Worker-65: Launching App] INFO  o.e.m.c.i.embedder.EclipseLogger - skip non existing resourceDirectory D:\DuAnQuanLyBanHang\Sourecode\order\src\test\resources
2022-07-05 16:22:51,642 [Worker-0: Loading available Gradle versions] INFO  o.e.b.c.i.u.g.PublishedGradleVersions - Gradle version information cache is up-to-date. Trying to read.
2022-07-05 16:23:33,362 [Worker-6: Launching App] INFO  o.e.m.c.i.embedder.EclipseLogger - Using 'UTF-8' encoding to copy filtered resources.
2022-07-05 16:23:33,363 [Worker-6: Launching App] INFO  o.e.m.c.i.embedder.EclipseLogger - skip non existing resourceDirectory D:\DuAnQuanLyBanHang\Sourecode\order\src\main\resources
2022-07-05 16:23:33,365 [Worker-6: Launching App] INFO  o.e.m.c.i.embedder.EclipseLogger - Using 'UTF-8' encoding to copy filtered resources.
2022-07-05 16:23:33,366 [Worker-6: Launching App] INFO  o.e.m.c.i.embedder.EclipseLogger - skip non existing resourceDirectory D:\DuAnQuanLyBanHang\Sourecode\order\src\test\resources
2022-07-05 16:26:38,279 [Worker-17: Launching App] INFO  o.e.m.c.i.embedder.EclipseLogger - Using 'UTF-8' encoding to copy filtered resources.
2022-07-05 16:26:38,280 [Worker-17: Launching App] INFO  o.e.m.c.i.embedder.EclipseLogger - skip non existing resourceDirectory D:\DuAnQuanLyBanHang\Sourecode\order\src\main\resources
2022-07-05 16:26:38,282 [Worker-17: Launching App] INFO  o.e.m.c.i.embedder.EclipseLogger - Using 'UTF-8' encoding to copy filtered resources.
2022-07-05 16:26:38,282 [Worker-17: Launching App] INFO  o.e.m.c.i.embedder.EclipseLogger - skip non existing resourceDirectory D:\DuAnQuanLyBanHang\Sourecode\order\src\test\resources
2022-07-05 16:29:12,281 [Worker-22: Launching App] INFO  o.e.m.c.i.embedder.EclipseLogger - Using 'UTF-8' encoding to copy filtered resources.
2022-07-05 16:29:12,281 [Worker-22: Launching App] INFO  o.e.m.c.i.embedder.EclipseLogger - skip non existing resourceDirectory D:\DuAnQuanLyBanHang\Sourecode\order\src\main\resources
2022-07-05 16:29:12,283 [Worker-22: Launching App] INFO  o.e.m.c.i.embedder.EclipseLogger - Using 'UTF-8' encoding to copy filtered resources.
2022-07-05 16:29:12,284 [Worker-22: Launching App] INFO  o.e.m.c.i.embedder.EclipseLogger - skip non existing resourceDirectory D:\DuAnQuanLyBanHang\Sourecode\order\src\test\resources
2022-07-05 16:31:24,169 [Worker-24: Launching App] INFO  o.e.m.c.i.embedder.EclipseLogger - Using 'UTF-8' encoding to copy filtered resources.
2022-07-05 16:31:24,169 [Worker-24: Launching App] INFO  o.e.m.c.i.embedder.EclipseLogger - skip non existing resourceDirectory D:\DuAnQuanLyBanHang\Sourecode\order\src\main\resources
2022-07-05 16:31:24,172 [Worker-24: Launching App] INFO  o.e.m.c.i.embedder.EclipseLogger - Using 'UTF-8' encoding to copy filtered resources.
2022-07-05 16:31:24,172 [Worker-24: Launching App] INFO  o.e.m.c.i.embedder.EclipseLogger - skip non existing resourceDirectory D:\DuAnQuanLyBanHang\Sourecode\order\src\test\resources
2022-07-05 16:31:58,323 [Worker-23: Launching App] INFO  o.e.m.c.i.embedder.EclipseLogger - Using 'UTF-8' encoding to copy filtered resources.
2022-07-05 16:31:58,323 [Worker-23: Launching App] INFO  o.e.m.c.i.embedder.EclipseLogger - skip non existing resourceDirectory D:\DuAnQuanLyBanHang\Sourecode\order\src\main\resources
2022-07-05 16:31:58,325 [Worker-23: Launching App] INFO  o.e.m.c.i.embedder.EclipseLogger - Using 'UTF-8' encoding to copy filtered resources.
2022-07-05 16:31:58,326 [Worker-23: Launching App] INFO  o.e.m.c.i.embedder.EclipseLogger - skip non existing resourceDirectory D:\DuAnQuanLyBanHang\Sourecode\order\src\test\resources
2022-07-05 16:32:39,958 [Worker-23: Launching App] INFO  o.e.m.c.i.embedder.EclipseLogger - Using 'UTF-8' encoding to copy filtered resources.
2022-07-05 16:32:39,958 [Worker-23: Launching App] INFO  o.e.m.c.i.embedder.EclipseLogger - skip non existing resourceDirectory D:\DuAnQuanLyBanHang\Sourecode\order\src\main\resources
2022-07-05 16:32:39,960 [Worker-23: Launching App] INFO  o.e.m.c.i.embedder.EclipseLogger - Using 'UTF-8' encoding to copy filtered resources.
2022-07-05 16:32:39,960 [Worker-23: Launching App] INFO  o.e.m.c.i.embedder.EclipseLogger - skip non existing resourceDirectory D:\DuAnQuanLyBanHang\Sourecode\order\src\test\resources
2022-07-05 16:42:41,156 [Worker-28: Launching App] INFO  o.e.m.c.i.embedder.EclipseLogger - Using 'UTF-8' encoding to copy filtered resources.
2022-07-05 16:42:41,156 [Worker-28: Launching App] INFO  o.e.m.c.i.embedder.EclipseLogger - skip non existing resourceDirectory D:\DuAnQuanLyBanHang\Sourecode\order\src\main\resources
2022-07-05 16:42:41,158 [Worker-28: Launching App] INFO  o.e.m.c.i.embedder.EclipseLogger - Using 'UTF-8' encoding to copy filtered resources.
2022-07-05 16:42:41,158 [Worker-28: Launching App] INFO  o.e.m.c.i.embedder.EclipseLogger - skip non existing resourceDirectory D:\DuAnQuanLyBanHang\Sourecode\order\src\test\resources
2022-07-05 16:45:20,307 [Worker-33: Launching App] INFO  o.e.m.c.i.embedder.EclipseLogger - Using 'UTF-8' encoding to copy filtered resources.
2022-07-05 16:45:20,308 [Worker-33: Launching App] INFO  o.e.m.c.i.embedder.EclipseLogger - skip non existing resourceDirectory D:\DuAnQuanLyBanHang\Sourecode\order\src\main\resources
2022-07-05 16:45:20,312 [Worker-33: Launching App] INFO  o.e.m.c.i.embedder.EclipseLogger - Using 'UTF-8' encoding to copy filtered resources.
2022-07-05 16:45:20,313 [Worker-33: Launching App] INFO  o.e.m.c.i.embedder.EclipseLogger - skip non existing resourceDirectory D:\DuAnQuanLyBanHang\Sourecode\order\src\test\resources
2022-07-05 16:50:46,892 [Worker-33: Launching App] INFO  o.e.m.c.i.embedder.EclipseLogger - Using 'UTF-8' encoding to copy filtered resources.
2022-07-05 16:50:46,892 [Worker-33: Launching App] INFO  o.e.m.c.i.embedder.EclipseLogger - skip non existing resourceDirectory D:\DuAnQuanLyBanHang\Sourecode\order\src\main\resources
2022-07-05 16:50:46,893 [Worker-33: Launching App] INFO  o.e.m.c.i.embedder.EclipseLogger - Using 'UTF-8' encoding to copy filtered resources.
2022-07-05 16:50:46,893 [Worker-33: Launching App] INFO  o.e.m.c.i.embedder.EclipseLogger - skip non existing resourceDirectory D:\DuAnQuanLyBanHang\Sourecode\order\src\test\resources
2022-07-05 16:58:24,300 [Worker-40: Launching App] INFO  o.e.m.c.i.embedder.EclipseLogger - Using 'UTF-8' encoding to copy filtered resources.
2022-07-05 16:58:24,300 [Worker-40: Launching App] INFO  o.e.m.c.i.embedder.EclipseLogger - skip non existing resourceDirectory D:\DuAnQuanLyBanHang\Sourecode\order\src\main\resources
2022-07-05 16:58:24,302 [Worker-40: Launching App] INFO  o.e.m.c.i.embedder.EclipseLogger - Using 'UTF-8' encoding to copy filtered resources.
2022-07-05 16:58:24,302 [Worker-40: Launching App] INFO  o.e.m.c.i.embedder.EclipseLogger - skip non existing resourceDirectory D:\DuAnQuanLyBanHang\Sourecode\order\src\test\resources
2022-07-05 16:59:08,056 [Worker-41: Launching App] INFO  o.e.m.c.i.embedder.EclipseLogger - Using 'UTF-8' encoding to copy filtered resources.
2022-07-05 16:59:08,057 [Worker-41: Launching App] INFO  o.e.m.c.i.embedder.EclipseLogger - skip non existing resourceDirectory D:\DuAnQuanLyBanHang\Sourecode\order\src\main\resources
2022-07-05 16:59:08,060 [Worker-41: Launching App] INFO  o.e.m.c.i.embedder.EclipseLogger - Using 'UTF-8' encoding to copy filtered resources.
2022-07-05 16:59:08,060 [Worker-41: Launching App] INFO  o.e.m.c.i.embedder.EclipseLogger - skip non existing resourceDirectory D:\DuAnQuanLyBanHang\Sourecode\order\src\test\resources
2022-07-05 17:01:22,178 [Worker-43: Launching App] INFO  o.e.m.c.i.embedder.EclipseLogger - Using 'UTF-8' encoding to copy filtered resources.
2022-07-05 17:01:22,178 [Worker-43: Launching App] INFO  o.e.m.c.i.embedder.EclipseLogger - skip non existing resourceDirectory D:\DuAnQuanLyBanHang\Sourecode\order\src\main\resources
2022-07-05 17:01:22,180 [Worker-43: Launching App] INFO  o.e.m.c.i.embedder.EclipseLogger - Using 'UTF-8' encoding to copy filtered resources.
2022-07-05 17:01:22,181 [Worker-43: Launching App] INFO  o.e.m.c.i.embedder.EclipseLogger - skip non existing resourceDirectory D:\DuAnQuanLyBanHang\Sourecode\order\src\test\resources
2022-07-05 17:05:19,928 [Worker-39: Launching App] INFO  o.e.m.c.i.embedder.EclipseLogger - Using 'UTF-8' encoding to copy filtered resources.
2022-07-05 17:05:19,928 [Worker-39: Launching App] INFO  o.e.m.c.i.embedder.EclipseLogger - skip non existing resourceDirectory D:\DuAnQuanLyBanHang\Sourecode\order\src\main\resources
2022-07-05 17:05:19,930 [Worker-39: Launching App] INFO  o.e.m.c.i.embedder.EclipseLogger - Using 'UTF-8' encoding to copy filtered resources.
2022-07-05 17:05:19,930 [Worker-39: Launching App] INFO  o.e.m.c.i.embedder.EclipseLogger - skip non existing resourceDirectory D:\DuAnQuanLyBanHang\Sourecode\order\src\test\resources
2022-07-05 17:09:26,319 [Worker-51: Launching App] INFO  o.e.m.c.i.embedder.EclipseLogger - Using 'UTF-8' encoding to copy filtered resources.
2022-07-05 17:09:26,320 [Worker-51: Launching App] INFO  o.e.m.c.i.embedder.EclipseLogger - skip non existing resourceDirectory D:\DuAnQuanLyBanHang\Sourecode\order\src\main\resources
2022-07-05 17:09:26,323 [Worker-51: Launching App] INFO  o.e.m.c.i.embedder.EclipseLogger - Using 'UTF-8' encoding to copy filtered resources.
2022-07-05 17:09:26,323 [Worker-51: Launching App] INFO  o.e.m.c.i.embedder.EclipseLogger - skip non existing resourceDirectory D:\DuAnQuanLyBanHang\Sourecode\order\src\test\resources
2022-07-05 17:18:37,900 [Worker-49: Launching App] INFO  o.e.m.c.i.embedder.EclipseLogger - Using 'UTF-8' encoding to copy filtered resources.
2022-07-05 17:18:37,901 [Worker-49: Launching App] INFO  o.e.m.c.i.embedder.EclipseLogger - skip non existing resourceDirectory D:\DuAnQuanLyBanHang\Sourecode\order\src\main\resources
2022-07-05 17:18:37,902 [Worker-49: Launching App] INFO  o.e.m.c.i.embedder.EclipseLogger - Using 'UTF-8' encoding to copy filtered resources.
2022-07-05 17:18:37,903 [Worker-49: Launching App] INFO  o.e.m.c.i.embedder.EclipseLogger - skip non existing resourceDirectory D:\DuAnQuanLyBanHang\Sourecode\order\src\test\resources
2022-07-05 18:04:53,460 [Worker-69: Launching App] INFO  o.e.m.c.i.embedder.EclipseLogger - Using 'UTF-8' encoding to copy filtered resources.
2022-07-05 18:04:53,460 [Worker-69: Launching App] INFO  o.e.m.c.i.embedder.EclipseLogger - skip non existing resourceDirectory D:\DuAnQuanLyBanHang\Sourecode\order\src\main\resources
2022-07-05 18:04:53,463 [Worker-69: Launching App] INFO  o.e.m.c.i.embedder.EclipseLogger - Using 'UTF-8' encoding to copy filtered resources.
2022-07-05 18:04:53,463 [Worker-69: Launching App] INFO  o.e.m.c.i.embedder.EclipseLogger - skip non existing resourceDirectory D:\DuAnQuanLyBanHang\Sourecode\order\src\test\resources
2022-07-05 18:05:22,908 [Worker-69: Launching App] INFO  o.e.m.c.i.embedder.EclipseLogger - Using 'UTF-8' encoding to copy filtered resources.
2022-07-05 18:05:22,909 [Worker-69: Launching App] INFO  o.e.m.c.i.embedder.EclipseLogger - skip non existing resourceDirectory D:\DuAnQuanLyBanHang\Sourecode\order\src\main\resources
2022-07-05 18:05:22,910 [Worker-69: Launching App] INFO  o.e.m.c.i.embedder.EclipseLogger - Using 'UTF-8' encoding to copy filtered resources.
2022-07-05 18:05:22,910 [Worker-69: Launching App] INFO  o.e.m.c.i.embedder.EclipseLogger - skip non existing resourceDirectory D:\DuAnQuanLyBanHang\Sourecode\order\src\test\resources
2022-07-05 18:06:35,596 [Worker-71: Launching App] INFO  o.e.m.c.i.embedder.EclipseLogger - Using 'UTF-8' encoding to copy filtered resources.
2022-07-05 18:06:35,596 [Worker-71: Launching App] INFO  o.e.m.c.i.embedder.EclipseLogger - skip non existing resourceDirectory D:\DuAnQuanLyBanHang\Sourecode\order\src\main\resources
2022-07-05 18:06:35,598 [Worker-71: Launching App] INFO  o.e.m.c.i.embedder.EclipseLogger - Using 'UTF-8' encoding to copy filtered resources.
2022-07-05 18:06:35,598 [Worker-71: Launching App] INFO  o.e.m.c.i.embedder.EclipseLogger - skip non existing resourceDirectory D:\DuAnQuanLyBanHang\Sourecode\order\src\test\resources
2022-07-05 18:10:25,256 [Worker-69: Launching App] INFO  o.e.m.c.i.embedder.EclipseLogger - Using 'UTF-8' encoding to copy filtered resources.
2022-07-05 18:10:25,256 [Worker-69: Launching App] INFO  o.e.m.c.i.embedder.EclipseLogger - skip non existing resourceDirectory D:\DuAnQuanLyBanHang\Sourecode\order\src\main\resources
2022-07-05 18:10:25,259 [Worker-69: Launching App] INFO  o.e.m.c.i.embedder.EclipseLogger - Using 'UTF-8' encoding to copy filtered resources.
2022-07-05 18:10:25,259 [Worker-69: Launching App] INFO  o.e.m.c.i.embedder.EclipseLogger - skip non existing resourceDirectory D:\DuAnQuanLyBanHang\Sourecode\order\src\test\resources
2022-07-05 18:16:53,225 [Worker-77: Launching App] INFO  o.e.m.c.i.embedder.EclipseLogger - Using 'UTF-8' encoding to copy filtered resources.
2022-07-05 18:16:53,225 [Worker-77: Launching App] INFO  o.e.m.c.i.embedder.EclipseLogger - skip non existing resourceDirectory D:\DuAnQuanLyBanHang\Sourecode\order\src\main\resources
2022-07-05 18:16:53,226 [Worker-77: Launching App] INFO  o.e.m.c.i.embedder.EclipseLogger - Using 'UTF-8' encoding to copy filtered resources.
2022-07-05 18:16:53,227 [Worker-77: Launching App] INFO  o.e.m.c.i.embedder.EclipseLogger - skip non existing resourceDirectory D:\DuAnQuanLyBanHang\Sourecode\order\src\test\resources
2022-07-05 18:32:27,430 [Worker-82: Launching App] INFO  o.e.m.c.i.embedder.EclipseLogger - Using 'UTF-8' encoding to copy filtered resources.
2022-07-05 18:32:27,430 [Worker-82: Launching App] INFO  o.e.m.c.i.embedder.EclipseLogger - skip non existing resourceDirectory D:\DuAnQuanLyBanHang\Sourecode\order\src\main\resources
2022-07-05 18:32:27,431 [Worker-82: Launching App] INFO  o.e.m.c.i.embedder.EclipseLogger - Using 'UTF-8' encoding to copy filtered resources.
2022-07-05 18:32:27,432 [Worker-82: Launching App] INFO  o.e.m.c.i.embedder.EclipseLogger - skip non existing resourceDirectory D:\DuAnQuanLyBanHang\Sourecode\order\src\test\resources
2022-07-05 18:32:42,852 [Worker-83: Launching App] INFO  o.e.m.c.i.embedder.EclipseLogger - Using 'UTF-8' encoding to copy filtered resources.
2022-07-05 18:32:42,852 [Worker-83: Launching App] INFO  o.e.m.c.i.embedder.EclipseLogger - skip non existing resourceDirectory D:\DuAnQuanLyBanHang\Sourecode\order\src\main\resources
2022-07-05 18:32:42,854 [Worker-83: Launching App] INFO  o.e.m.c.i.embedder.EclipseLogger - Using 'UTF-8' encoding to copy filtered resources.
2022-07-05 18:32:42,855 [Worker-83: Launching App] INFO  o.e.m.c.i.embedder.EclipseLogger - skip non existing resourceDirectory D:\DuAnQuanLyBanHang\Sourecode\order\src\test\resources
2022-07-05 18:34:48,589 [Worker-85: Launching App] INFO  o.e.m.c.i.embedder.EclipseLogger - Using 'UTF-8' encoding to copy filtered resources.
2022-07-05 18:34:48,589 [Worker-85: Launching App] INFO  o.e.m.c.i.embedder.EclipseLogger - skip non existing resourceDirectory D:\DuAnQuanLyBanHang\Sourecode\order\src\main\resources
2022-07-05 18:34:48,591 [Worker-85: Launching App] INFO  o.e.m.c.i.embedder.EclipseLogger - Using 'UTF-8' encoding to copy filtered resources.
2022-07-05 18:34:48,591 [Worker-85: Launching App] INFO  o.e.m.c.i.embedder.EclipseLogger - skip non existing resourceDirectory D:\DuAnQuanLyBanHang\Sourecode\order\src\test\resources
2022-07-05 18:35:57,873 [Worker-79: Launching App] INFO  o.e.m.c.i.embedder.EclipseLogger - Using 'UTF-8' encoding to copy filtered resources.
2022-07-05 18:35:57,873 [Worker-79: Launching App] INFO  o.e.m.c.i.embedder.EclipseLogger - skip non existing resourceDirectory D:\DuAnQuanLyBanHang\Sourecode\order\src\main\resources
2022-07-05 18:35:57,875 [Worker-79: Launching App] INFO  o.e.m.c.i.embedder.EclipseLogger - Using 'UTF-8' encoding to copy filtered resources.
2022-07-05 18:35:57,876 [Worker-79: Launching App] INFO  o.e.m.c.i.embedder.EclipseLogger - skip non existing resourceDirectory D:\DuAnQuanLyBanHang\Sourecode\order\src\test\resources
2022-07-09 19:39:39,202 [Worker-0: Loading available Gradle versions] INFO  o.e.b.c.i.u.g.PublishedGradleVersions - Gradle version information cache is out-of-date. Trying to update.
2022-07-09 19:57:31,632 [Worker-21: Launching App] INFO  o.e.m.c.i.embedder.EclipseLogger - Using 'UTF-8' encoding to copy filtered resources.
2022-07-09 19:57:31,634 [Worker-21: Launching App] INFO  o.e.m.c.i.embedder.EclipseLogger - skip non existing resourceDirectory D:\DuAnQuanLyBanHang\Sourecode\order\src\main\resources
2022-07-09 19:57:31,636 [Worker-21: Launching App] INFO  o.e.m.c.i.embedder.EclipseLogger - Using 'UTF-8' encoding to copy filtered resources.
2022-07-09 19:57:31,636 [Worker-21: Launching App] INFO  o.e.m.c.i.embedder.EclipseLogger - skip non existing resourceDirectory D:\DuAnQuanLyBanHang\Sourecode\order\src\test\resources
2022-07-09 20:05:45,039 [Worker-25: Launching App] INFO  o.e.m.c.i.embedder.EclipseLogger - Using 'UTF-8' encoding to copy filtered resources.
2022-07-09 20:05:45,039 [Worker-25: Launching App] INFO  o.e.m.c.i.embedder.EclipseLogger - skip non existing resourceDirectory D:\DuAnQuanLyBanHang\Sourecode\order\src\main\resources
2022-07-09 20:05:45,042 [Worker-25: Launching App] INFO  o.e.m.c.i.embedder.EclipseLogger - Using 'UTF-8' encoding to copy filtered resources.
2022-07-09 20:05:45,042 [Worker-25: Launching App] INFO  o.e.m.c.i.embedder.EclipseLogger - skip non existing resourceDirectory D:\DuAnQuanLyBanHang\Sourecode\order\src\test\resources
2022-07-09 20:06:31,761 [Worker-23: Launching App] INFO  o.e.m.c.i.embedder.EclipseLogger - Using 'UTF-8' encoding to copy filtered resources.
2022-07-09 20:06:31,762 [Worker-23: Launching App] INFO  o.e.m.c.i.embedder.EclipseLogger - skip non existing resourceDirectory D:\DuAnQuanLyBanHang\Sourecode\order\src\main\resources
2022-07-09 20:06:31,767 [Worker-23: Launching App] INFO  o.e.m.c.i.embedder.EclipseLogger - Using 'UTF-8' encoding to copy filtered resources.
2022-07-09 20:06:31,768 [Worker-23: Launching App] INFO  o.e.m.c.i.embedder.EclipseLogger - skip non existing resourceDirectory D:\DuAnQuanLyBanHang\Sourecode\order\src\test\resources
2022-07-09 20:10:44,152 [Worker-26: Launching App] INFO  o.e.m.c.i.embedder.EclipseLogger - Using 'UTF-8' encoding to copy filtered resources.
2022-07-09 20:10:44,153 [Worker-26: Launching App] INFO  o.e.m.c.i.embedder.EclipseLogger - skip non existing resourceDirectory D:\DuAnQuanLyBanHang\Sourecode\order\src\main\resources
2022-07-09 20:10:44,154 [Worker-26: Launching App] INFO  o.e.m.c.i.embedder.EclipseLogger - Using 'UTF-8' encoding to copy filtered resources.
2022-07-09 20:10:44,154 [Worker-26: Launching App] INFO  o.e.m.c.i.embedder.EclipseLogger - skip non existing resourceDirectory D:\DuAnQuanLyBanHang\Sourecode\order\src\test\resources
2022-07-09 20:36:10,647 [Worker-34: Launching App] INFO  o.e.m.c.i.embedder.EclipseLogger - Using 'UTF-8' encoding to copy filtered resources.
2022-07-09 20:36:10,648 [Worker-34: Launching App] INFO  o.e.m.c.i.embedder.EclipseLogger - skip non existing resourceDirectory D:\DuAnQuanLyBanHang\Sourecode\order\src\main\resources
2022-07-09 20:36:10,649 [Worker-34: Launching App] INFO  o.e.m.c.i.embedder.EclipseLogger - Using 'UTF-8' encoding to copy filtered resources.
2022-07-09 20:36:10,650 [Worker-34: Launching App] INFO  o.e.m.c.i.embedder.EclipseLogger - skip non existing resourceDirectory D:\DuAnQuanLyBanHang\Sourecode\order\src\test\resources
2022-07-09 20:38:39,165 [Worker-36: Launching App] INFO  o.e.m.c.i.embedder.EclipseLogger - Using 'UTF-8' encoding to copy filtered resources.
2022-07-09 20:38:39,165 [Worker-36: Launching App] INFO  o.e.m.c.i.embedder.EclipseLogger - skip non existing resourceDirectory D:\DuAnQuanLyBanHang\Sourecode\order\src\main\resources
2022-07-09 20:38:39,166 [Worker-36: Launching App] INFO  o.e.m.c.i.embedder.EclipseLogger - Using 'UTF-8' encoding to copy filtered resources.
2022-07-09 20:38:39,166 [Worker-36: Launching App] INFO  o.e.m.c.i.embedder.EclipseLogger - skip non existing resourceDirectory D:\DuAnQuanLyBanHang\Sourecode\order\src\test\resources
2022-07-09 20:49:24,917 [Worker-43: Launching App] INFO  o.e.m.c.i.embedder.EclipseLogger - Using 'UTF-8' encoding to copy filtered resources.
2022-07-09 20:49:24,917 [Worker-43: Launching App] INFO  o.e.m.c.i.embedder.EclipseLogger - skip non existing resourceDirectory D:\DuAnQuanLyBanHang\Sourecode\order\src\main\resources
2022-07-09 20:49:24,924 [Worker-43: Launching App] INFO  o.e.m.c.i.embedder.EclipseLogger - Using 'UTF-8' encoding to copy filtered resources.
2022-07-09 20:49:24,925 [Worker-43: Launching App] INFO  o.e.m.c.i.embedder.EclipseLogger - skip non existing resourceDirectory D:\DuAnQuanLyBanHang\Sourecode\order\src\test\resources
2022-07-09 20:54:38,727 [Worker-36: Launching App] INFO  o.e.m.c.i.embedder.EclipseLogger - Using 'UTF-8' encoding to copy filtered resources.
2022-07-09 20:54:38,728 [Worker-36: Launching App] INFO  o.e.m.c.i.embedder.EclipseLogger - skip non existing resourceDirectory D:\DuAnQuanLyBanHang\Sourecode\order\src\main\resources
2022-07-09 20:54:38,737 [Worker-36: Launching App] INFO  o.e.m.c.i.embedder.EclipseLogger - Using 'UTF-8' encoding to copy filtered resources.
2022-07-09 20:54:38,737 [Worker-36: Launching App] INFO  o.e.m.c.i.embedder.EclipseLogger - skip non existing resourceDirectory D:\DuAnQuanLyBanHang\Sourecode\order\src\test\resources
2022-07-09 20:56:29,668 [Worker-51: Launching App] INFO  o.e.m.c.i.embedder.EclipseLogger - Using 'UTF-8' encoding to copy filtered resources.
2022-07-09 20:56:29,669 [Worker-51: Launching App] INFO  o.e.m.c.i.embedder.EclipseLogger - skip non existing resourceDirectory D:\DuAnQuanLyBanHang\Sourecode\order\src\main\resources
2022-07-09 20:56:29,675 [Worker-51: Launching App] INFO  o.e.m.c.i.embedder.EclipseLogger - Using 'UTF-8' encoding to copy filtered resources.
2022-07-09 20:56:29,676 [Worker-51: Launching App] INFO  o.e.m.c.i.embedder.EclipseLogger - skip non existing resourceDirectory D:\DuAnQuanLyBanHang\Sourecode\order\src\test\resources
2022-07-09 21:05:29,988 [Worker-46: Launching App] INFO  o.e.m.c.i.embedder.EclipseLogger - Using 'UTF-8' encoding to copy filtered resources.
2022-07-09 21:05:29,988 [Worker-46: Launching App] INFO  o.e.m.c.i.embedder.EclipseLogger - skip non existing resourceDirectory D:\DuAnQuanLyBanHang\Sourecode\order\src\main\resources
2022-07-09 21:05:29,988 [Worker-46: Launching App] INFO  o.e.m.c.i.embedder.EclipseLogger - Using 'UTF-8' encoding to copy filtered resources.
2022-07-09 21:05:29,989 [Worker-46: Launching App] INFO  o.e.m.c.i.embedder.EclipseLogger - skip non existing resourceDirectory D:\DuAnQuanLyBanHang\Sourecode\order\src\test\resources
2022-07-09 21:09:26,464 [Worker-46: Launching App] INFO  o.e.m.c.i.embedder.EclipseLogger - Using 'UTF-8' encoding to copy filtered resources.
2022-07-09 21:09:26,464 [Worker-46: Launching App] INFO  o.e.m.c.i.embedder.EclipseLogger - skip non existing resourceDirectory D:\DuAnQuanLyBanHang\Sourecode\order\src\main\resources
2022-07-09 21:09:26,465 [Worker-46: Launching App] INFO  o.e.m.c.i.embedder.EclipseLogger - Using 'UTF-8' encoding to copy filtered resources.
2022-07-09 21:09:26,465 [Worker-46: Launching App] INFO  o.e.m.c.i.embedder.EclipseLogger - skip non existing resourceDirectory D:\DuAnQuanLyBanHang\Sourecode\order\src\test\resources
2022-07-09 21:09:39,881 [Worker-46: Launching App] INFO  o.e.m.c.i.embedder.EclipseLogger - Using 'UTF-8' encoding to copy filtered resources.
2022-07-09 21:09:39,881 [Worker-46: Launching App] INFO  o.e.m.c.i.embedder.EclipseLogger - skip non existing resourceDirectory D:\DuAnQuanLyBanHang\Sourecode\order\src\main\resources
2022-07-09 21:09:39,884 [Worker-46: Launching App] INFO  o.e.m.c.i.embedder.EclipseLogger - Using 'UTF-8' encoding to copy filtered resources.
2022-07-09 21:09:39,885 [Worker-46: Launching App] INFO  o.e.m.c.i.embedder.EclipseLogger - skip non existing resourceDirectory D:\DuAnQuanLyBanHang\Sourecode\order\src\test\resources
2022-07-09 21:21:48,231 [Worker-66: Launching App] INFO  o.e.m.c.i.embedder.EclipseLogger - Using 'UTF-8' encoding to copy filtered resources.
2022-07-09 21:21:48,231 [Worker-66: Launching App] INFO  o.e.m.c.i.embedder.EclipseLogger - skip non existing resourceDirectory D:\DuAnQuanLyBanHang\Sourecode\order\src\main\resources
2022-07-09 21:21:48,233 [Worker-66: Launching App] INFO  o.e.m.c.i.embedder.EclipseLogger - Using 'UTF-8' encoding to copy filtered resources.
2022-07-09 21:21:48,233 [Worker-66: Launching App] INFO  o.e.m.c.i.embedder.EclipseLogger - skip non existing resourceDirectory D:\DuAnQuanLyBanHang\Sourecode\order\src\test\resources
2022-07-09 21:32:08,915 [Worker-72: Launching App] INFO  o.e.m.c.i.embedder.EclipseLogger - Using 'UTF-8' encoding to copy filtered resources.
2022-07-09 21:32:08,915 [Worker-72: Launching App] INFO  o.e.m.c.i.embedder.EclipseLogger - skip non existing resourceDirectory D:\DuAnQuanLyBanHang\Sourecode\order\src\main\resources
2022-07-09 21:32:08,916 [Worker-72: Launching App] INFO  o.e.m.c.i.embedder.EclipseLogger - Using 'UTF-8' encoding to copy filtered resources.
2022-07-09 21:32:08,917 [Worker-72: Launching App] INFO  o.e.m.c.i.embedder.EclipseLogger - skip non existing resourceDirectory D:\DuAnQuanLyBanHang\Sourecode\order\src\test\resources
2022-07-09 22:57:26,546 [Worker-98: Launching App] INFO  o.e.m.c.i.embedder.EclipseLogger - Using 'UTF-8' encoding to copy filtered resources.
2022-07-09 22:57:26,546 [Worker-98: Launching App] INFO  o.e.m.c.i.embedder.EclipseLogger - skip non existing resourceDirectory D:\DuAnQuanLyBanHang\Sourecode\order\src\main\resources
2022-07-09 22:57:26,547 [Worker-98: Launching App] INFO  o.e.m.c.i.embedder.EclipseLogger - Using 'UTF-8' encoding to copy filtered resources.
2022-07-09 22:57:26,548 [Worker-98: Launching App] INFO  o.e.m.c.i.embedder.EclipseLogger - skip non existing resourceDirectory D:\DuAnQuanLyBanHang\Sourecode\order\src\test\resources
2022-07-09 22:57:49,328 [Worker-96: Launching App] INFO  o.e.m.c.i.embedder.EclipseLogger - Using 'UTF-8' encoding to copy filtered resources.
2022-07-09 22:57:49,328 [Worker-96: Launching App] INFO  o.e.m.c.i.embedder.EclipseLogger - skip non existing resourceDirectory D:\DuAnQuanLyBanHang\Sourecode\order\src\main\resources
2022-07-09 22:57:49,331 [Worker-96: Launching App] INFO  o.e.m.c.i.embedder.EclipseLogger - Using 'UTF-8' encoding to copy filtered resources.
2022-07-09 22:57:49,332 [Worker-96: Launching App] INFO  o.e.m.c.i.embedder.EclipseLogger - skip non existing resourceDirectory D:\DuAnQuanLyBanHang\Sourecode\order\src\test\resources
2022-07-09 22:58:19,113 [Worker-100: Launching App] INFO  o.e.m.c.i.embedder.EclipseLogger - Using 'UTF-8' encoding to copy filtered resources.
2022-07-09 22:58:19,113 [Worker-100: Launching App] INFO  o.e.m.c.i.embedder.EclipseLogger - skip non existing resourceDirectory D:\DuAnQuanLyBanHang\Sourecode\order\src\main\resources
2022-07-09 22:58:19,118 [Worker-100: Launching App] INFO  o.e.m.c.i.embedder.EclipseLogger - Using 'UTF-8' encoding to copy filtered resources.
2022-07-09 22:58:19,118 [Worker-100: Launching App] INFO  o.e.m.c.i.embedder.EclipseLogger - skip non existing resourceDirectory D:\DuAnQuanLyBanHang\Sourecode\order\src\test\resources
2022-07-09 22:59:29,879 [Worker-100: Launching App] INFO  o.e.m.c.i.embedder.EclipseLogger - Using 'UTF-8' encoding to copy filtered resources.
2022-07-09 22:59:29,880 [Worker-100: Launching App] INFO  o.e.m.c.i.embedder.EclipseLogger - skip non existing resourceDirectory D:\DuAnQuanLyBanHang\Sourecode\order\src\main\resources
2022-07-09 22:59:29,882 [Worker-100: Launching App] INFO  o.e.m.c.i.embedder.EclipseLogger - Using 'UTF-8' encoding to copy filtered resources.
2022-07-09 22:59:29,884 [Worker-100: Launching App] INFO  o.e.m.c.i.embedder.EclipseLogger - skip non existing resourceDirectory D:\DuAnQuanLyBanHang\Sourecode\order\src\test\resources
2022-07-09 23:12:44,094 [Worker-105: Launching App] INFO  o.e.m.c.i.embedder.EclipseLogger - Using 'UTF-8' encoding to copy filtered resources.
2022-07-09 23:12:44,095 [Worker-105: Launching App] INFO  o.e.m.c.i.embedder.EclipseLogger - skip non existing resourceDirectory D:\DuAnQuanLyBanHang\Sourecode\order\src\main\resources
2022-07-09 23:12:44,096 [Worker-105: Launching App] INFO  o.e.m.c.i.embedder.EclipseLogger - Using 'UTF-8' encoding to copy filtered resources.
2022-07-09 23:12:44,096 [Worker-105: Launching App] INFO  o.e.m.c.i.embedder.EclipseLogger - skip non existing resourceDirectory D:\DuAnQuanLyBanHang\Sourecode\order\src\test\resources
2022-07-10 17:20:53,469 [Worker-2: Loading available Gradle versions] INFO  o.e.b.c.i.u.g.PublishedGradleVersions - Gradle version information cache is up-to-date. Trying to read.
2022-07-11 01:17:01,723 [Worker-2: Loading available Gradle versions] INFO  o.e.b.c.i.u.g.PublishedGradleVersions - Gradle version information cache is out-of-date. Trying to update.
